<?xml version="1.0" encoding="UTF-8"?>
<!-- Generated by org.testng.reporters.JUnitReportReporter -->
<testsuite hostname="NganNTB-MKP" failures="0" tests="1" name="src.tests.authen.LoginTest" time="25.636" errors="0" timestamp="2022-11-16T10:28:50 ICT" skipped="0">
  <testcase classname="src.tests.authen.LoginTest" name="testLogin" time="25.636"/>
  <system-out/>
</testsuite> <!-- src.tests.authen.LoginTest -->
